Build started 3/20/2023 6:42:51 PM.
     1>Project "C:\Users\salem salem\Desktop\mooazz\Arithmetic_Calculator\Arithmetic_Calculator\Arithmetic_Calculator.vcxproj" on node 2 (Build target(s)).
     1>ClCompile:
         C:\Program Files (x86)\Microsoft Visual Studio 11.0\VC\bin\CL.exe /c /ZI /nologo /W3 /WX- /Od /Oy- /D WIN32 /D _DEBUG /D _CONSOLE /D _UNICODE /D UNICODE /Gm /EHsc /RTC1 /MDd /GS /fp:precise /Zc:wchar_t /Zc:forScope /Fo"Debug\\" /Fd"Debug\vc110.pdb" /Gd /TP /analyze- /errorReport:prompt Source.cpp
         Source.cpp
     1>c:\users\salem salem\desktop\mooazz\arithmetic_calculator\arithmetic_calculator\source.cpp(279): warning C4805: '==' : unsafe mix of type 'int' and type 'bool' in operation
     1>c:\users\salem salem\desktop\mooazz\arithmetic_calculator\arithmetic_calculator\source.cpp(281): warning C4805: '==' : unsafe mix of type 'int' and type 'bool' in operation
     1>c:\users\salem salem\desktop\mooazz\arithmetic_calculator\arithmetic_calculator\source.cpp(347): warning C4018: '<' : signed/unsigned mismatch
     1>c:\users\salem salem\desktop\mooazz\arithmetic_calculator\arithmetic_calculator\source.cpp(360): warning C4244: '=' : conversion from 'double' to 'float', possible loss of data
     1>c:\users\salem salem\desktop\mooazz\arithmetic_calculator\arithmetic_calculator\source.cpp(363): warning C4244: '=' : conversion from 'int' to 'float', possible loss of data
     1>c:\users\salem salem\desktop\mooazz\arithmetic_calculator\arithmetic_calculator\source.cpp(366): warning C4244: '=' : conversion from 'int' to 'float', possible loss of data
     1>c:\users\salem salem\desktop\mooazz\arithmetic_calculator\arithmetic_calculator\source.cpp(369): warning C4244: '=' : conversion from 'int' to 'float', possible loss of data
     1>c:\users\salem salem\desktop\mooazz\arithmetic_calculator\arithmetic_calculator\source.cpp(378): warning C4244: '=' : conversion from 'int' to 'float', possible loss of data
     1>c:\users\salem salem\desktop\mooazz\arithmetic_calculator\arithmetic_calculator\source.cpp(383): warning C4244: 'argument' : conversion from 'float' to 'int', possible loss of data
     1>c:\users\salem salem\desktop\mooazz\arithmetic_calculator\arithmetic_calculator\source.cpp(398): warning C4996: 'scanf': This function or variable may be unsafe. Consider using scanf_s instead. To disable deprecation, use _CRT_SECURE_NO_WARNINGS. See online help for details.
                 c:\program files (x86)\microsoft visual studio 11.0\vc\include\stdio.h(290) : see declaration of 'scanf'
     1>c:\users\salem salem\desktop\mooazz\arithmetic_calculator\arithmetic_calculator\source.cpp(424): warning C4996: 'scanf': This function or variable may be unsafe. Consider using scanf_s instead. To disable deprecation, use _CRT_SECURE_NO_WARNINGS. See online help for details.
                 c:\program files (x86)\microsoft visual studio 11.0\vc\include\stdio.h(290) : see declaration of 'scanf'
     1>c:\users\salem salem\desktop\mooazz\arithmetic_calculator\arithmetic_calculator\source.cpp(426): warning C4018: '<' : signed/unsigned mismatch
     1>c:\users\salem salem\desktop\mooazz\arithmetic_calculator\arithmetic_calculator\source.cpp(452): warning C4996: 'getch': The POSIX name for this item is deprecated. Instead, use the ISO C++ conformant name: _getch. See online help for details.
                 c:\program files (x86)\microsoft visual studio 11.0\vc\include\conio.h(131) : see declaration of 'getch'
     1>c:\users\salem salem\desktop\mooazz\arithmetic_calculator\arithmetic_calculator\source.cpp(392): warning C4101: 'item' : unreferenced local variable
       Link:
         C:\Program Files (x86)\Microsoft Visual Studio 11.0\VC\bin\link.exe /ERRORREPORT:PROMPT /OUT:"C:\Users\salem salem\Desktop\mooazz\Arithmetic_Calculator\Debug\Arithmetic_Calculator.exe" /INCREMENTAL /NOLOGO kernel32.lib user32.lib gdi32.lib winspool.lib comdlg32.lib advapi32.lib shell32.lib ole32.lib oleaut32.lib uuid.lib odbc32.lib odbccp32.lib /MANIFEST /MANIFESTUAC:"level='asInvoker' uiAccess='false'" /manifest:embed /DEBUG /PDB:"C:\Users\salem salem\Desktop\mooazz\Arithmetic_Calculator\Debug\Arithmetic_Calculator.pdb" /SUBSYSTEM:CONSOLE /TLBID:1 /DYNAMICBASE /NXCOMPAT /IMPLIB:"C:\Users\salem salem\Desktop\mooazz\Arithmetic_Calculator\Debug\Arithmetic_Calculator.lib" /MACHINE:X86 Debug\Source.obj
         Arithmetic_Calculator.vcxproj -> C:\Users\salem salem\Desktop\mooazz\Arithmetic_Calculator\Debug\Arithmetic_Calculator.exe
     1>Done Building Project "C:\Users\salem salem\Desktop\mooazz\Arithmetic_Calculator\Arithmetic_Calculator\Arithmetic_Calculator.vcxproj" (Build target(s)).

Build succeeded.

Time Elapsed 00:00:01.44
